<?xml version="1.0" encoding="UTF-8"?>
<!-- Generated by org.testng.reporters.JUnitXMLReporter -->
<testsuite ignored="0" hostname="yejunlong" failures="0" tests="3" name="Command line test" time="5.311" errors="0" timestamp="2026-07-28T17:29:11 SGT">
  <testcase classname="com.yejunlong.tests.BookingLogTest" name="testLogin" time="3.025"/>
  <testcase classname="com.yejunlong.tests.BookingLogTest" name="testCreateBooking" time="1.385"/>
  <testcase classname="com.yejunlong.tests.BookingLogTest" name="testGetBooking" time="0.865"/>
</testsuite> <!-- Command line test -->
