<?xml version="1.0" encoding="UTF-8"?>
<!-- Generated by org.testng.reporters.JUnitReportReporter -->
<testsuite hostname="yejunlong" failures="0" tests="3" name="com.yejunlong.tests.BookingLogTest" time="5.275" errors="0" timestamp="2026-07-28T17:29:11 SGT" skipped="0">
  <testcase classname="com.yejunlong.tests.BookingLogTest" name="testLogin" time="3.025"/>
  <testcase classname="com.yejunlong.tests.BookingLogTest" name="testCreateBooking" time="1.385"/>
  <testcase classname="com.yejunlong.tests.BookingLogTest" name="testGetBooking" time="0.865"/>
</testsuite> <!-- com.yejunlong.tests.BookingLogTest -->
